<?xml version="1.0" encoding="UTF-8"?>
<!-- Generated by org.testng.reporters.JUnitReportReporter -->
<testsuite hostname="DESKTOP-K5FUSRT" failures="0" tests="2" name="com.actitime.testscript.TaskModule" time="0.504" errors="1" timestamp="2023-04-06T16:15:07 IST" skipped="1">
  <testcase classname="com.actitime.testscript.TaskModule" name="testTaskModule" time="0.000">
    <skipped/>
  </testcase> <!-- testTaskModule -->
  <system-out/>
  <testcase classname="com.actitime.testscript.TaskModule" name="Login" time="0.504">
    <error type="java.lang.StackOverflowError">
      <![CDATA[java.lang.StackOverflowError
at java.base/java.io.FileInputStream.open(FileInputStream.java:217)
at java.base/java.io.FileInputStream.<init>(FileInputStream.java:158)
at java.base/java.io.FileInputStream.<init>(FileInputStream.java:112)
at com.actitime.generic.FileLib.getpropertyData(FileLib.java:9)
at com.actitime.generic.FileLib.getpropertyData(FileLib.java:12)
at com.actitime.generic.FileLib.getpropertyData(FileLib.java:12)
at com.actitime.generic.FileLib.getpropertyData(FileLib.java:12)
at com.actitime.generic.FileLib.getpropertyData(FileLib.java:12)
at com.actitime.generic.FileLib.getpropertyData(FileLib.java:12)
at com.actitime.generic.FileLib.getpropertyData(FileLib.java:12)
at com.actitime.generic.FileLib.getpropertyData(FileLib.java:12)
at com.actitime.generic.FileLib.getpropertyData(FileLib.java:12)
at com.actitime.generic.FileLib.getpropertyData(FileLib.java:12)
at com.actitime.generic.FileLib.getpropertyData(FileLib.java:12)
at com.actitime.generic.FileLib.getpropertyData(FileLib.java:12)
at com.actitime.generic.FileLib.getpropertyData(FileLib.java:12)
at com.actitime.generic.FileLib.getpropertyData(FileLib.java:12)
at com.actitime.generic.FileLib.getpropertyData(FileLib.java:12)
at com.actitime.generic.FileLib.getpropertyData(FileLib.java:12)
at com.actitime.generic.FileLib.getpropertyData(FileLib.java:12)
at com.actitime.generic.FileLib.getpropertyData(FileLib.java:12)
at com.actitime.generic.FileLib.getpropertyData(FileLib.java:12)
at com.actitime.generic.FileLib.getpropertyData(FileLib.java:12)
at com.actitime.generic.FileLib.getpropertyData(FileLib.java:12)
at com.actitime.generic.FileLib.getpropertyData(FileLib.java:12)
at com.actitime.generic.FileLib.getpropertyData(FileLib.java:12)
at com.actitime.generic.FileLib.getpropertyData(FileLib.java:12)
at com.actitime.generic.FileLib.getpropertyData(FileLib.java:12)
at com.actitime.generic.FileLib.getpropertyData(FileLib.java:12)
at com.actitime.generic.FileLib.getpropertyData(FileLib.java:12)
at com.actitime.generic.FileLib.getpropertyData(FileLib.java:12)
at com.actitime.generic.FileLib.getpropertyData(FileLib.java:12)
at com.actitime.generic.FileLib.getpropertyData(FileLib.java:12)
at com.actitime.generic.FileLib.getpropertyData(FileLib.java:12)
at com.actitime.generic.FileLib.getpropertyData(FileLib.java:12)
at com.actitime.generic.FileLib.getpropertyData(FileLib.java:12)
at com.actitime.generic.FileLib.getpropertyData(FileLib.java:12)
at com.actitime.generic.FileLib.getpropertyData(FileLib.java:12)
at com.actitime.generic.FileLib.getpropertyData(FileLib.java:12)
at com.actitime.generic.FileLib.getpropertyData(FileLib.java:12)
at com.actitime.generic.FileLib.getpropertyData(FileLib.java:12)
at com.actitime.generic.FileLib.getpropertyData(FileLib.java:12)
at com.actitime.generic.FileLib.getpropertyData(FileLib.java:12)
at com.actitime.generic.FileLib.getpropertyData(FileLib.java:12)
at com.actitime.generic.FileLib.getpropertyData(FileLib.java:12)
at com.actitime.generic.FileLib.getpropertyData(FileLib.java:12)
at com.actitime.generic.FileLib.getpropertyData(FileLib.java:12)
at com.actitime.generic.FileLib.getpropertyData(FileLib.java:12)
at com.actitime.generic.FileLib.getpropertyData(FileLib.java:12)
at com.actitime.generic.FileLib.getpropertyData(FileLib.java:12)
at com.actitime.generic.FileLib.getpropertyData(FileLib.java:12)
at com.actitime.generic.FileLib.getpropertyData(FileLib.java:12)
at com.actitime.generic.FileLib.getpropertyData(FileLib.java:12)
at com.actitime.generic.FileLib.getpropertyData(FileLib.java:12)
at com.actitime.generic.FileLib.getpropertyData(FileLib.java:12)
at com.actitime.generic.FileLib.getpropertyData(FileLib.java:12)
at com.actitime.generic.FileLib.getpropertyData(FileLib.java:12)
at com.actitime.generic.FileLib.getpropertyData(FileLib.java:12)
at com.actitime.generic.FileLib.getpropertyData(FileLib.java:12)
at com.actitime.generic.FileLib.getpropertyData(FileLib.java:12)
at com.actitime.generic.FileLib.getpropertyData(FileLib.java:12)
at com.actitime.generic.FileLib.getpropertyData(FileLib.java:12)
at com.actitime.generic.FileLib.getpropertyData(FileLib.java:12)
at com.actitime.generic.FileLib.getpropertyData(FileLib.java:12)
at com.actitime.generic.FileLib.getpropertyData(FileLib.java:12)
at com.actitime.generic.FileLib.getpropertyData(FileLib.java:12)
at com.actitime.generic.FileLib.getpropertyData(FileLib.java:12)
at com.actitime.generic.FileLib.getpropertyData(FileLib.java:12)
at com.actitime.generic.FileLib.getpropertyData(FileLib.java:12)
at com.actitime.generic.FileLib.getpropertyData(FileLib.java:12)
at com.actitime.generic.FileLib.getpropertyData(FileLib.java:12)
at com.actitime.generic.FileLib.getpropertyData(FileLib.java:12)
at com.actitime.generic.FileLib.getpropertyData(FileLib.java:12)
at com.actitime.generic.FileLib.getpropertyData(FileLib.java:12)
at com.actitime.generic.FileLib.getpropertyData(FileLib.java:12)
at com.actitime.generic.FileLib.getpropertyData(FileLib.java:12)
at com.actitime.generic.FileLib.getpropertyData(FileLib.java:12)
at com.actitime.generic.FileLib.getpropertyData(FileLib.java:12)
at com.actitime.generic.FileLib.getpropertyData(FileLib.java:12)
at com.actitime.generic.FileLib.getpropertyData(FileLib.java:12)
at com.actitime.generic.FileLib.getpropertyData(FileLib.java:12)
at com.actitime.generic.FileLib.getpropertyData(FileLib.java:12)
at com.actitime.generic.FileLib.getpropertyData(FileLib.java:12)
at com.actitime.generic.FileLib.getpropertyData(FileLib.java:12)
at com.actitime.generic.FileLib.getpropertyData(FileLib.java:12)
at com.actitime.generic.FileLib.getpropertyData(FileLib.java:12)
at com.actitime.generic.FileLib.getpropertyData(FileLib.java:12)
at com.actitime.generic.FileLib.getpropertyData(FileLib.java:12)
at com.actitime.generic.FileLib.getpropertyData(FileLib.java:12)
at com.actitime.generic.FileLib.getpropertyData(FileLib.java:12)
at com.actitime.generic.FileLib.getpropertyData(FileLib.java:12)
at com.actitime.generic.FileLib.getpropertyData(FileLib.java:12)
at com.actitime.generic.FileLib.getpropertyData(FileLib.java:12)
at com.actitime.generic.FileLib.getpropertyData(FileLib.java:12)
at com.actitime.generic.FileLib.getpropertyData(FileLib.java:12)
at com.actitime.generic.FileLib.getpropertyData(FileLib.java:12)
at com.actitime.generic.FileLib.getpropertyData(FileLib.java:12)
at com.actitime.generic.FileLib.getpropertyData(FileLib.java:12)
at com.actitime.generic.FileLib.getpropertyData(FileLib.java:12)
at com.actitime.generic.FileLib.getpropertyData(FileLib.java:12)
at com.actitime.generic.FileLib.getpropertyData(FileLib.java:12)
at com.actitime.generic.FileLib.getpropertyData(FileLib.java:12)
at com.actitime.generic.FileLib.getpropertyData(FileLib.java:12)
at com.actitime.generic.FileLib.getpropertyData(FileLib.java:12)
at com.actitime.generic.FileLib.getpropertyData(FileLib.java:12)
at com.actitime.generic.FileLib.getpropertyData(FileLib.java:12)
at com.actitime.generic.FileLib.getpropertyData(FileLib.java:12)
at com.actitime.generic.FileLib.getpropertyData(FileLib.java:12)
at com.actitime.generic.FileLib.getpropertyData(FileLib.java:12)
at com.actitime.generic.FileLib.getpropertyData(FileLib.java:12)
at com.actitime.generic.FileLib.getpropertyData(FileLib.java:12)
at com.actitime.generic.FileLib.getpropertyData(FileLib.java:12)
at com.actitime.generic.FileLib.getpropertyData(FileLib.java:12)
at com.actitime.generic.FileLib.getpropertyData(FileLib.java:12)
at com.actitime.generic.FileLib.getpropertyData(FileLib.java:12)
at com.actitime.generic.FileLib.getpropertyData(FileLib.java:12)
at com.actitime.generic.FileLib.getpropertyData(FileLib.java:12)
at com.actitime.generic.FileLib.getpropertyData(FileLib.java:12)
at com.actitime.generic.FileLib.getpropertyData(FileLib.java:12)
at com.actitime.generic.FileLib.getpropertyData(FileLib.java:12)
at com.actitime.generic.FileLib.getpropertyData(FileLib.java:12)
at com.actitime.generic.FileLib.getpropertyData(FileLib.java:12)
at com.actitime.generic.FileLib.getpropertyData(FileLib.java:12)
at com.actitime.generic.FileLib.getpropertyData(FileLib.java:12)
at com.actitime.generic.FileLib.getpropertyData(FileLib.java:12)
at com.actitime.generic.FileLib.getpropertyData(FileLib.java:12)
at com.actitime.generic.FileLib.getpropertyData(FileLib.java:12)
at com.actitime.generic.FileLib.getpropertyData(FileLib.java:12)
at com.actitime.generic.FileLib.getpropertyData(FileLib.java:12)
at com.actitime.generic.FileLib.getpropertyData(FileLib.java:12)
at com.actitime.generic.FileLib.getpropertyData(FileLib.java:12)
at com.actitime.generic.FileLib.getpropertyData(FileLib.java:12)
at com.actitime.generic.FileLib.getpropertyData(FileLib.java:12)
at com.actitime.generic.FileLib.getpropertyData(FileLib.java:12)
at com.actitime.generic.FileLib.getpropertyData(FileLib.java:12)
at com.actitime.generic.FileLib.getpropertyData(FileLib.java:12)
at com.actitime.generic.FileLib.getpropertyData(FileLib.java:12)
at com.actitime.generic.FileLib.getpropertyData(FileLib.java:12)
at com.actitime.generic.FileLib.getpropertyData(FileLib.java:12)
at com.actitime.generic.FileLib.getpropertyData(FileLib.java:12)
at com.actitime.generic.FileLib.getpropertyData(FileLib.java:12)
at com.actitime.generic.FileLib.getpropertyData(FileLib.java:12)
at com.actitime.generic.FileLib.getpropertyData(FileLib.java:12)
at com.actitime.generic.FileLib.getpropertyData(FileLib.java:12)
at com.actitime.generic.FileLib.getpropertyData(FileLib.java:12)
at com.actitime.generic.FileLib.getpropertyData(FileLib.java:12)
at com.actitime.generic.FileLib.getpropertyData(FileLib.java:12)
at com.actitime.generic.FileLib.getpropertyData(FileLib.java:12)
at com.actitime.generic.FileLib.getpropertyData(FileLib.java:12)
at com.actitime.generic.FileLib.getpropertyData(FileLib.java:12)
at com.actitime.generic.FileLib.getpropertyData(FileLib.java:12)
at com.actitime.generic.FileLib.getpropertyData(FileLib.java:12)
at com.actitime.generic.FileLib.getpropertyData(FileLib.java:12)
at com.actitime.generic.FileLib.getpropertyData(FileLib.java:12)
at com.actitime.generic.FileLib.getpropertyData(FileLib.java:12)
at com.actitime.generic.FileLib.getpropertyData(FileLib.java:12)
at com.actitime.generic.FileLib.getpropertyData(FileLib.java:12)
at com.actitime.generic.FileLib.getpropertyData(FileLib.java:12)
at com.actitime.generic.FileLib.getpropertyData(FileLib.java:12)
at com.actitime.generic.FileLib.getpropertyData(FileLib.java:12)
at com.actitime.generic.FileLib.getpropertyData(FileLib.java:12)
at com.actitime.generic.FileLib.getpropertyData(FileLib.java:12)
at com.actitime.generic.FileLib.getpropertyData(FileLib.java:12)
at com.actitime.generic.FileLib.getpropertyData(FileLib.java:12)
at com.actitime.generic.FileLib.getpropertyData(FileLib.java:12)
at com.actitime.generic.FileLib.getpropertyData(FileLib.java:12)
at com.actitime.generic.FileLib.getpropertyData(FileLib.java:12)
at com.actitime.generic.FileLib.getpropertyData(FileLib.java:12)
at com.actitime.generic.FileLib.getpropertyData(FileLib.java:12)
at com.actitime.generic.FileLib.getpropertyData(FileLib.java:12)
at com.actitime.generic.FileLib.getpropertyData(FileLib.java:12)
at com.actitime.generic.FileLib.getpropertyData(FileLib.java:12)
at com.actitime.generic.FileLib.getpropertyData(FileLib.java:12)
at com.actitime.generic.FileLib.getpropertyData(FileLib.java:12)
at com.actitime.generic.FileLib.getpropertyData(FileLib.java:12)
at com.actitime.generic.FileLib.getpropertyData(FileLib.java:12)
at com.actitime.generic.FileLib.getpropertyData(FileLib.java:12)
at com.actitime.generic.FileLib.getpropertyData(FileLib.java:12)
at com.actitime.generic.FileLib.getpropertyData(FileLib.java:12)
at com.actitime.generic.FileLib.getpropertyData(FileLib.java:12)
at com.actitime.generic.FileLib.getpropertyData(FileLib.java:12)
at com.actitime.generic.FileLib.getpropertyData(FileLib.java:12)
at com.actitime.generic.FileLib.getpropertyData(FileLib.java:12)
at com.actitime.generic.FileLib.getpropertyData(FileLib.java:12)
at com.actitime.generic.FileLib.getpropertyData(FileLib.java:12)
at com.actitime.generic.FileLib.getpropertyData(FileLib.java:12)
at com.actitime.generic.FileLib.getpropertyData(FileLib.java:12)
at com.actitime.generic.FileLib.getpropertyData(FileLib.java:12)
at com.actitime.generic.FileLib.getpropertyData(FileLib.java:12)
at com.actitime.generic.FileLib.getpropertyData(FileLib.java:12)
at com.actitime.generic.FileLib.getpropertyData(FileLib.java:12)
at com.actitime.generic.FileLib.getpropertyData(FileLib.java:12)
at com.actitime.generic.FileLib.getpropertyData(FileLib.java:12)
at com.actitime.generic.FileLib.getpropertyData(FileLib.java:12)
at com.actitime.generic.FileLib.getpropertyData(FileLib.java:12)
at com.actitime.generic.FileLib.getpropertyData(FileLib.java:12)
at com.actitime.generic.FileLib.getpropertyData(FileLib.java:12)
at com.actitime.generic.FileLib.getpropertyData(FileLib.java:12)
at com.actitime.generic.FileLib.getpropertyData(FileLib.java:12)
at com.actitime.generic.FileLib.getpropertyData(FileLib.java:12)
at com.actitime.generic.FileLib.getpropertyData(FileLib.java:12)
at com.actitime.generic.FileLib.getpropertyData(FileLib.java:12)
at com.actitime.generic.FileLib.getpropertyData(FileLib.java:12)
at com.actitime.generic.FileLib.getpropertyData(FileLib.java:12)
at com.actitime.generic.FileLib.getpropertyData(FileLib.java:12)
at com.actitime.generic.FileLib.getpropertyData(FileLib.java:12)
at com.actitime.generic.FileLib.getpropertyData(FileLib.java:12)
at com.actitime.generic.FileLib.getpropertyData(FileLib.java:12)
at com.actitime.generic.FileLib.getpropertyData(FileLib.java:12)
at com.actitime.generic.FileLib.getpropertyData(FileLib.java:12)
at com.actitime.generic.FileLib.getpropertyData(FileLib.java:12)
at com.actitime.generic.FileLib.getpropertyData(FileLib.java:12)
at com.actitime.generic.FileLib.getpropertyData(FileLib.java:12)
at com.actitime.generic.FileLib.getpropertyData(FileLib.java:12)
at com.actitime.generic.FileLib.getpropertyData(FileLib.java:12)
at com.actitime.generic.FileLib.getpropertyData(FileLib.java:12)
at com.actitime.generic.FileLib.getpropertyData(FileLib.java:12)
at com.actitime.generic.FileLib.getpropertyData(FileLib.java:12)
at com.actitime.generic.FileLib.getpropertyData(FileLib.java:12)
at com.actitime.generic.FileLib.getpropertyData(FileLib.java:12)
at com.actitime.generic.FileLib.getpropertyData(FileLib.java:12)
at com.actitime.generic.FileLib.getpropertyData(FileLib.java:12)
at com.actitime.generic.FileLib.getpropertyData(FileLib.java:12)
at com.actitime.generic.FileLib.getpropertyData(FileLib.java:12)
at com.actitime.generic.FileLib.getpropertyData(FileLib.java:12)
at com.actitime.generic.FileLib.getpropertyData(FileLib.java:12)
at com.actitime.generic.FileLib.getpropertyData(FileLib.java:12)
at com.actitime.generic.FileLib.getpropertyData(FileLib.java:12)
at com.actitime.generic.FileLib.getpropertyData(FileLib.java:12)
at com.actitime.generic.FileLib.getpropertyData(FileLib.java:12)
at com.actitime.generic.FileLib.getpropertyData(FileLib.java:12)
at com.actitime.generic.FileLib.getpropertyData(FileLib.java:12)
at com.actitime.generic.FileLib.getpropertyData(FileLib.java:12)
at com.actitime.generic.FileLib.getpropertyData(FileLib.java:12)
at com.actitime.generic.FileLib.getpropertyData(FileLib.java:12)
at com.actitime.generic.FileLib.getpropertyData(FileLib.java:12)
at com.actitime.generic.FileLib.getpropertyData(FileLib.java:12)
at com.actitime.generic.FileLib.getpropertyData(FileLib.java:12)
at com.actitime.generic.FileLib.getpropertyData(FileLib.java:12)
at com.actitime.generic.FileLib.getpropertyData(FileLib.java:12)
at com.actitime.generic.FileLib.getpropertyData(FileLib.java:12)
at com.actitime.generic.FileLib.getpropertyData(FileLib.java:12)
at com.actitime.generic.FileLib.getpropertyData(FileLib.java:12)
at com.actitime.generic.FileLib.getpropertyData(FileLib.java:12)
at com.actitime.generic.FileLib.getpropertyData(FileLib.java:12)
at com.actitime.generic.FileLib.getpropertyData(FileLib.java:12)
at com.actitime.generic.FileLib.getpropertyData(FileLib.java:12)
at com.actitime.generic.FileLib.getpropertyData(FileLib.java:12)
at com.actitime.generic.FileLib.getpropertyData(FileLib.java:12)
at com.actitime.generic.FileLib.getpropertyData(FileLib.java:12)
at com.actitime.generic.FileLib.getpropertyData(FileLib.java:12)
at com.actitime.generic.FileLib.getpropertyData(FileLib.java:12)
at com.actitime.generic.FileLib.getpropertyData(FileLib.java:12)
at com.actitime.generic.FileLib.getpropertyData(FileLib.java:12)
at com.actitime.generic.FileLib.getpropertyData(FileLib.java:12)
at com.actitime.generic.FileLib.getpropertyData(FileLib.java:12)
at com.actitime.generic.FileLib.getpropertyData(FileLib.java:12)
at com.actitime.generic.FileLib.getpropertyData(FileLib.java:12)
at com.actitime.generic.FileLib.getpropertyData(FileLib.java:12)
at com.actitime.generic.FileLib.getpropertyData(FileLib.java:12)
at com.actitime.generic.FileLib.getpropertyData(FileLib.java:12)
at com.actitime.generic.FileLib.getpropertyData(FileLib.java:12)
at com.actitime.generic.FileLib.getpropertyData(FileLib.java:12)
at com.actitime.generic.FileLib.getpropertyData(FileLib.java:12)
at com.actitime.generic.FileLib.getpropertyData(FileLib.java:12)
at com.actitime.generic.FileLib.getpropertyData(FileLib.java:12)
at com.actitime.generic.FileLib.getpropertyData(FileLib.java:12)
at com.actitime.generic.FileLib.getpropertyData(FileLib.java:12)
at com.actitime.generic.FileLib.getpropertyData(FileLib.java:12)
at com.actitime.generic.FileLib.getpropertyData(FileLib.java:12)
at com.actitime.generic.FileLib.getpropertyData(FileLib.java:12)
at com.actitime.generic.FileLib.getpropertyData(FileLib.java:12)
at com.actitime.generic.FileLib.getpropertyData(FileLib.java:12)
at com.actitime.generic.FileLib.getpropertyData(FileLib.java:12)
at com.actitime.generic.FileLib.getpropertyData(FileLib.java:12)
at com.actitime.generic.FileLib.getpropertyData(FileLib.java:12)
at com.actitime.generic.FileLib.getpropertyData(FileLib.java:12)
at com.actitime.generic.FileLib.getpropertyData(FileLib.java:12)
at com.actitime.generic.FileLib.getpropertyData(FileLib.java:12)
at com.actitime.generic.FileLib.getpropertyData(FileLib.java:12)
at com.actitime.generic.FileLib.getpropertyData(FileLib.java:12)
at com.actitime.generic.FileLib.getpropertyData(FileLib.java:12)
at com.actitime.generic.FileLib.getpropertyData(FileLib.java:12)
at com.actitime.generic.FileLib.getpropertyData(FileLib.java:12)
at com.actitime.generic.FileLib.getpropertyData(FileLib.java:12)
at com.actitime.generic.FileLib.getpropertyData(FileLib.java:12)
at com.actitime.generic.FileLib.getpropertyData(FileLib.java:12)
at com.actitime.generic.FileLib.getpropertyData(FileLib.java:12)
at com.actitime.generic.FileLib.getpropertyData(FileLib.java:12)
at com.actitime.generic.FileLib.getpropertyData(FileLib.java:12)
at com.actitime.generic.FileLib.getpropertyData(FileLib.java:12)
at com.actitime.generic.FileLib.getpropertyData(FileLib.java:12)
at com.actitime.generic.FileLib.getpropertyData(FileLib.java:12)
at com.actitime.generic.FileLib.getpropertyData(FileLib.java:12)
at com.actitime.generic.FileLib.getpropertyData(FileLib.java:12)
at com.actitime.generic.FileLib.getpropertyData(FileLib.java:12)
at com.actitime.generic.FileLib.getpropertyData(FileLib.java:12)
at com.actitime.generic.FileLib.getpropertyData(FileLib.java:12)
at com.actitime.generic.FileLib.getpropertyData(FileLib.java:12)
at com.actitime.generic.FileLib.getpropertyData(FileLib.java:12)
at com.actitime.generic.FileLib.getpropertyData(FileLib.java:12)
at com.actitime.generic.FileLib.getpropertyData(FileLib.java:12)
at com.actitime.generic.FileLib.getpropertyData(FileLib.java:12)
at com.actitime.generic.FileLib.getpropertyData(FileLib.java:12)
at com.actitime.generic.FileLib.getpropertyData(FileLib.java:12)
at com.actitime.generic.FileLib.getpropertyData(FileLib.java:12)
at com.actitime.generic.FileLib.getpropertyData(FileLib.java:12)
at com.actitime.generic.FileLib.getpropertyData(FileLib.java:12)
at com.actitime.generic.FileLib.getpropertyData(FileLib.java:12)
at com.actitime.generic.FileLib.getpropertyData(FileLib.java:12)
at com.actitime.generic.FileLib.getpropertyData(FileLib.java:12)
at com.actitime.generic.FileLib.getpropertyData(FileLib.java:12)
at com.actitime.generic.FileLib.getpropertyData(FileLib.java:12)
at com.actitime.generic.FileLib.getpropertyData(FileLib.java:12)
at com.actitime.generic.FileLib.getpropertyData(FileLib.java:12)
at com.actitime.generic.FileLib.getpropertyData(FileLib.java:12)
at com.actitime.generic.FileLib.getpropertyData(FileLib.java:12)
at com.actitime.generic.FileLib.getpropertyData(FileLib.java:12)
at com.actitime.generic.FileLib.getpropertyData(FileLib.java:12)
at com.actitime.generic.FileLib.getpropertyData(FileLib.java:12)
at com.actitime.generic.FileLib.getpropertyData(FileLib.java:12)
at com.actitime.generic.FileLib.getpropertyData(FileLib.java:12)
at com.actitime.generic.FileLib.getpropertyData(FileLib.java:12)
at com.actitime.generic.FileLib.getpropertyData(FileLib.java:12)
at com.actitime.generic.FileLib.getpropertyData(FileLib.java:12)
at com.actitime.generic.FileLib.getpropertyData(FileLib.java:12)
at com.actitime.generic.FileLib.getpropertyData(FileLib.java:12)
at com.actitime.generic.FileLib.getpropertyData(FileLib.java:12)
at com.actitime.generic.FileLib.getpropertyData(FileLib.java:12)
at com.actitime.generic.FileLib.getpropertyData(FileLib.java:12)
at com.actitime.generic.FileLib.getpropertyData(FileLib.java:12)
at com.actitime.generic.FileLib.getpropertyData(FileLib.java:12)
at com.actitime.generic.FileLib.getpropertyData(FileLib.java:12)
at com.actitime.generic.FileLib.getpropertyData(FileLib.java:12)
at com.actitime.generic.FileLib.getpropertyData(FileLib.java:12)
at com.actitime.generic.FileLib.getpropertyData(FileLib.java:12)
at com.actitime.generic.FileLib.getpropertyData(FileLib.java:12)
at com.actitime.generic.FileLib.getpropertyData(FileLib.java:12)
at com.actitime.generic.FileLib.getpropertyData(FileLib.java:12)
at com.actitime.generic.FileLib.getpropertyData(FileLib.java:12)
at com.actitime.generic.FileLib.getpropertyData(FileLib.java:12)
at com.actitime.generic.FileLib.getpropertyData(FileLib.java:12)
at com.actitime.generic.FileLib.getpropertyData(FileLib.java:12)
at com.actitime.generic.FileLib.getpropertyData(FileLib.java:12)
at com.actitime.generic.FileLib.getpropertyData(FileLib.java:12)
at com.actitime.generic.FileLib.getpropertyData(FileLib.java:12)
at com.actitime.generic.FileLib.getpropertyData(FileLib.java:12)
at com.actitime.generic.FileLib.getpropertyData(FileLib.java:12)
at com.actitime.generic.FileLib.getpropertyData(FileLib.java:12)
at com.actitime.generic.FileLib.getpropertyData(FileLib.java:12)
at com.actitime.generic.FileLib.getpropertyData(FileLib.java:12)
at com.actitime.generic.FileLib.getpropertyData(FileLib.java:12)
at com.actitime.generic.FileLib.getpropertyData(FileLib.java:12)
at com.actitime.generic.FileLib.getpropertyData(FileLib.java:12)
at com.actitime.generic.FileLib.getpropertyData(FileLib.java:12)
at com.actitime.generic.FileLib.getpropertyData(FileLib.java:12)
at com.actitime.generic.FileLib.getpropertyData(FileLib.java:12)
at com.actitime.generic.FileLib.getpropertyData(FileLib.java:12)
at com.actitime.generic.FileLib.getpropertyData(FileLib.java:12)
at com.actitime.generic.FileLib.getpropertyData(FileLib.java:12)
at com.actitime.generic.FileLib.getpropertyData(FileLib.java:12)
at com.actitime.generic.FileLib.getpropertyData(FileLib.java:12)
at com.actitime.generic.FileLib.getpropertyData(FileLib.java:12)
at com.actitime.generic.FileLib.getpropertyData(FileLib.java:12)
at com.actitime.generic.FileLib.getpropertyData(FileLib.java:12)
at com.actitime.generic.FileLib.getpropertyData(FileLib.java:12)
at com.actitime.generic.FileLib.getpropertyData(FileLib.java:12)
at com.actitime.generic.FileLib.getpropertyData(FileLib.java:12)
at com.actitime.generic.FileLib.getpropertyData(FileLib.java:12)
at com.actitime.generic.FileLib.getpropertyData(FileLib.java:12)
at com.actitime.generic.FileLib.getpropertyData(FileLib.java:12)
at com.actitime.generic.FileLib.getpropertyData(FileLib.java:12)
at com.actitime.generic.FileLib.getpropertyData(FileLib.java:12)
at com.actitime.generic.FileLib.getpropertyData(FileLib.java:12)
at com.actitime.generic.FileLib.getpropertyData(FileLib.java:12)
at com.actitime.generic.FileLib.getpropertyData(FileLib.java:12)
at com.actitime.generic.FileLib.getpropertyData(FileLib.java:12)
at com.actitime.generic.FileLib.getpropertyData(FileLib.java:12)
at com.actitime.generic.FileLib.getpropertyData(FileLib.java:12)
at com.actitime.generic.FileLib.getpropertyData(FileLib.java:12)
at com.actitime.generic.FileLib.getpropertyData(FileLib.java:12)
at com.actitime.generic.FileLib.getpropertyData(FileLib.java:12)
at com.actitime.generic.FileLib.getpropertyData(FileLib.java:12)
at com.actitime.generic.FileLib.getpropertyData(FileLib.java:12)
at com.actitime.generic.FileLib.getpropertyData(FileLib.java:12)
at com.actitime.generic.FileLib.getpropertyData(FileLib.java:12)
at com.actitime.generic.FileLib.getpropertyData(FileLib.java:12)
at com.actitime.generic.FileLib.getpropertyData(FileLib.java:12)
at com.actitime.generic.FileLib.getpropertyData(FileLib.java:12)
at com.actitime.generic.FileLib.getpropertyData(FileLib.java:12)
at com.actitime.generic.FileLib.getpropertyData(FileLib.java:12)
at com.actitime.generic.FileLib.getpropertyData(FileLib.java:12)
at com.actitime.generic.FileLib.getpropertyData(FileLib.java:12)
at com.actitime.generic.FileLib.getpropertyData(FileLib.java:12)
at com.actitime.generic.FileLib.getpropertyData(FileLib.java:12)
at com.actitime.generic.FileLib.getpropertyData(FileLib.java:12)
at com.actitime.generic.FileLib.getpropertyData(FileLib.java:12)
at com.actitime.generic.FileLib.getpropertyData(FileLib.java:12)
at com.actitime.generic.FileLib.getpropertyData(FileLib.java:12)
at com.actitime.generic.FileLib.getpropertyData(FileLib.java:12)
at com.actitime.generic.FileLib.getpropertyData(FileLib.java:12)
at com.actitime.generic.FileLib.getpropertyData(FileLib.java:12)
at com.actitime.generic.FileLib.getpropertyData(FileLib.java:12)
at com.actitime.generic.FileLib.getpropertyData(FileLib.java:12)
at com.actitime.generic.FileLib.getpropertyData(FileLib.java:12)
at com.actitime.generic.FileLib.getpropertyData(FileLib.java:12)
at com.actitime.generic.FileLib.getpropertyData(FileLib.java:12)
at com.actitime.generic.FileLib.getpropertyData(FileLib.java:12)
at com.actitime.generic.FileLib.getpropertyData(FileLib.java:12)
at com.actitime.generic.FileLib.getpropertyData(FileLib.java:12)
at com.actitime.generic.FileLib.getpropertyData(FileLib.java:12)
at com.actitime.generic.FileLib.getpropertyData(FileLib.java:12)
at com.actitime.generic.FileLib.getpropertyData(FileLib.java:12)
at com.actitime.generic.FileLib.getpropertyData(FileLib.java:12)
at com.actitime.generic.FileLib.getpropertyData(FileLib.java:12)
at com.actitime.generic.FileLib.getpropertyData(FileLib.java:12)
at com.actitime.generic.FileLib.getpropertyData(FileLib.java:12)
at com.actitime.generic.FileLib.getpropertyData(FileLib.java:12)
at com.actitime.generic.FileLib.getpropertyData(FileLib.java:12)
at com.actitime.generic.FileLib.getpropertyData(FileLib.java:12)
at com.actitime.generic.FileLib.getpropertyData(FileLib.java:12)
at com.actitime.generic.FileLib.getpropertyData(FileLib.java:12)
at com.actitime.generic.FileLib.getpropertyData(FileLib.java:12)
at com.actitime.generic.FileLib.getpropertyData(FileLib.java:12)
at com.actitime.generic.FileLib.getpropertyData(FileLib.java:12)
at com.actitime.generic.FileLib.getpropertyData(FileLib.java:12)
at com.actitime.generic.FileLib.getpropertyData(FileLib.java:12)
at com.actitime.generic.FileLib.getpropertyData(FileLib.java:12)
at com.actitime.generic.FileLib.getpropertyData(FileLib.java:12)
at com.actitime.generic.FileLib.getpropertyData(FileLib.java:12)
at com.actitime.generic.FileLib.getpropertyData(FileLib.java:12)
at com.actitime.generic.FileLib.getpropertyData(FileLib.java:12)
at com.actitime.generic.FileLib.getpropertyData(FileLib.java:12)
at com.actitime.generic.FileLib.getpropertyData(FileLib.java:12)
at com.actitime.generic.FileLib.getpropertyData(FileLib.java:12)
at com.actitime.generic.FileLib.getpropertyData(FileLib.java:12)
at com.actitime.generic.FileLib.getpropertyData(FileLib.java:12)
at com.actitime.generic.FileLib.getpropertyData(FileLib.java:12)
at com.actitime.generic.FileLib.getpropertyData(FileLib.java:12)
at com.actitime.generic.FileLib.getpropertyData(FileLib.java:12)
at com.actitime.generic.FileLib.getpropertyData(FileLib.java:12)
at com.actitime.generic.FileLib.getpropertyData(FileLib.java:12)
at com.actitime.generic.FileLib.getpropertyData(FileLib.java:12)
at com.actitime.generic.FileLib.getpropertyData(FileLib.java:12)
at com.actitime.generic.FileLib.getpropertyData(FileLib.java:12)
at com.actitime.generic.FileLib.getpropertyData(FileLib.java:12)
at com.actitime.generic.FileLib.getpropertyData(FileLib.java:12)
at com.actitime.generic.FileLib.getpropertyData(FileLib.java:12)
at com.actitime.generic.FileLib.getpropertyData(FileLib.java:12)
at com.actitime.generic.FileLib.getpropertyData(FileLib.java:12)
at com.actitime.generic.FileLib.getpropertyData(FileLib.java:12)
at com.actitime.generic.FileLib.getpropertyData(FileLib.java:12)
at com.actitime.generic.FileLib.getpropertyData(FileLib.java:12)
at com.actitime.generic.FileLib.getpropertyData(FileLib.java:12)
at com.actitime.generic.FileLib.getpropertyData(FileLib.java:12)
at com.actitime.generic.FileLib.getpropertyData(FileLib.java:12)
at com.actitime.generic.FileLib.getpropertyData(FileLib.java:12)
at com.actitime.generic.FileLib.getpropertyData(FileLib.java:12)
at com.actitime.generic.FileLib.getpropertyData(FileLib.java:12)
at com.actitime.generic.FileLib.getpropertyData(FileLib.java:12)
at com.actitime.generic.FileLib.getpropertyData(FileLib.java:12)
at com.actitime.generic.FileLib.getpropertyData(FileLib.java:12)
at com.actitime.generic.FileLib.getpropertyData(FileLib.java:12)
at com.actitime.generic.FileLib.getpropertyData(FileLib.java:12)
at com.actitime.generic.FileLib.getpropertyData(FileLib.java:12)
at com.actitime.generic.FileLib.getpropertyData(FileLib.java:12)
at com.actitime.generic.FileLib.getpropertyData(FileLib.java:12)
at com.actitime.generic.FileLib.getpropertyData(FileLib.java:12)
at com.actitime.generic.FileLib.getpropertyData(FileLib.java:12)
at com.actitime.generic.FileLib.getpropertyData(FileLib.java:12)
at com.actitime.generic.FileLib.getpropertyData(FileLib.java:12)
at com.actitime.generic.FileLib.getpropertyData(FileLib.java:12)
at com.actitime.generic.FileLib.getpropertyData(FileLib.java:12)
at com.actitime.generic.FileLib.getpropertyData(FileLib.java:12)
at com.actitime.generic.FileLib.getpropertyData(FileLib.java:12)
at com.actitime.generic.FileLib.getpropertyData(FileLib.java:12)
at com.actitime.generic.FileLib.getpropertyData(FileLib.java:12)
at com.actitime.generic.FileLib.getpropertyData(FileLib.java:12)
at com.actitime.generic.FileLib.getpropertyData(FileLib.java:12)
at com.actitime.generic.FileLib.getpropertyData(FileLib.java:12)
at com.actitime.generic.FileLib.getpropertyData(FileLib.java:12)
at com.actitime.generic.FileLib.getpropertyData(FileLib.java:12)
at com.actitime.generic.FileLib.getpropertyData(FileLib.java:12)
at com.actitime.generic.FileLib.getpropertyData(FileLib.java:12)
at com.actitime.generic.FileLib.getpropertyData(FileLib.java:12)
at com.actitime.generic.FileLib.getpropertyData(FileLib.java:12)
at com.actitime.generic.FileLib.getpropertyData(FileLib.java:12)
at com.actitime.generic.FileLib.getpropertyData(FileLib.java:12)
at com.actitime.generic.FileLib.getpropertyData(FileLib.java:12)
at com.actitime.generic.FileLib.getpropertyData(FileLib.java:12)
at com.actitime.generic.FileLib.getpropertyData(FileLib.java:12)
at com.actitime.generic.FileLib.getpropertyData(FileLib.java:12)
at com.actitime.generic.FileLib.getpropertyData(FileLib.java:12)
at com.actitime.generic.FileLib.getpropertyData(FileLib.java:12)
at com.actitime.generic.FileLib.getpropertyData(FileLib.java:12)
at com.actitime.generic.FileLib.getpropertyData(FileLib.java:12)
at com.actitime.generic.FileLib.getpropertyData(FileLib.java:12)
at com.actitime.generic.FileLib.getpropertyData(FileLib.java:12)
at com.actitime.generic.FileLib.getpropertyData(FileLib.java:12)
at com.actitime.generic.FileLib.getpropertyData(FileLib.java:12)
at com.actitime.generic.FileLib.getpropertyData(FileLib.java:12)
at com.actitime.generic.FileLib.getpropertyData(FileLib.java:12)
at com.actitime.generic.FileLib.getpropertyData(FileLib.java:12)
at com.actitime.generic.FileLib.getpropertyData(FileLib.java:12)
at com.actitime.generic.FileLib.getpropertyData(FileLib.java:12)
at com.actitime.generic.FileLib.getpropertyData(FileLib.java:12)
at com.actitime.generic.FileLib.getpropertyData(FileLib.java:12)
at com.actitime.generic.FileLib.getpropertyData(FileLib.java:12)
at com.actitime.generic.FileLib.getpropertyData(FileLib.java:12)
at com.actitime.generic.FileLib.getpropertyData(FileLib.java:12)
at com.actitime.generic.FileLib.getpropertyData(FileLib.java:12)
at com.actitime.generic.FileLib.getpropertyData(FileLib.java:12)
at com.actitime.generic.FileLib.getpropertyData(FileLib.java:12)
at com.actitime.generic.FileLib.getpropertyData(FileLib.java:12)
at com.actitime.generic.FileLib.getpropertyData(FileLib.java:12)
at com.actitime.generic.FileLib.getpropertyData(FileLib.java:12)
at com.actitime.generic.FileLib.getpropertyData(FileLib.java:12)
at com.actitime.generic.FileLib.getpropertyData(FileLib.java:12)
at com.actitime.generic.FileLib.getpropertyData(FileLib.java:12)
at com.actitime.generic.FileLib.getpropertyData(FileLib.java:12)
at com.actitime.generic.FileLib.getpropertyData(FileLib.java:12)
at com.actitime.generic.FileLib.getpropertyData(FileLib.java:12)
at com.actitime.generic.FileLib.getpropertyData(FileLib.java:12)
at com.actitime.generic.FileLib.getpropertyData(FileLib.java:12)
at com.actitime.generic.FileLib.getpropertyData(FileLib.java:12)
at com.actitime.generic.FileLib.getpropertyData(FileLib.java:12)
at com.actitime.generic.FileLib.getpropertyData(FileLib.java:12)
at com.actitime.generic.FileLib.getpropertyData(FileLib.java:12)
at com.actitime.generic.FileLib.getpropertyData(FileLib.java:12)
at com.actitime.generic.FileLib.getpropertyData(FileLib.java:12)
at com.actitime.generic.FileLib.getpropertyData(FileLib.java:12)
at com.actitime.generic.FileLib.getpropertyData(FileLib.java:12)
at com.actitime.generic.FileLib.getpropertyData(FileLib.java:12)
at com.actitime.generic.FileLib.getpropertyData(FileLib.java:12)
at com.actitime.generic.FileLib.getpropertyData(FileLib.java:12)
at com.actitime.generic.FileLib.getpropertyData(FileLib.java:12)
at com.actitime.generic.FileLib.getpropertyData(FileLib.java:12)
at com.actitime.generic.FileLib.getpropertyData(FileLib.java:12)
at com.actitime.generic.FileLib.getpropertyData(FileLib.java:12)
at com.actitime.generic.FileLib.getpropertyData(FileLib.java:12)
at com.actitime.generic.FileLib.getpropertyData(FileLib.java:12)
at com.actitime.generic.FileLib.getpropertyData(FileLib.java:12)
at com.actitime.generic.FileLib.getpropertyData(FileLib.java:12)
at com.actitime.generic.FileLib.getpropertyData(FileLib.java:12)
at com.actitime.generic.FileLib.getpropertyData(FileLib.java:12)
at com.actitime.generic.FileLib.getpropertyData(FileLib.java:12)
at com.actitime.generic.FileLib.getpropertyData(FileLib.java:12)
at com.actitime.generic.FileLib.getpropertyData(FileLib.java:12)
at com.actitime.generic.FileLib.getpropertyData(FileLib.java:12)
at com.actitime.generic.FileLib.getpropertyData(FileLib.java:12)
at com.actitime.generic.FileLib.getpropertyData(FileLib.java:12)
at com.actitime.generic.FileLib.getpropertyData(FileLib.java:12)
at com.actitime.generic.FileLib.getpropertyData(FileLib.java:12)
at com.actitime.generic.FileLib.getpropertyData(FileLib.java:12)
at com.actitime.generic.FileLib.getpropertyData(FileLib.java:12)
at com.actitime.generic.FileLib.getpropertyData(FileLib.java:12)
at com.actitime.generic.FileLib.getpropertyData(FileLib.java:12)
at com.actitime.generic.FileLib.getpropertyData(FileLib.java:12)
at com.actitime.generic.FileLib.getpropertyData(FileLib.java:12)
at com.actitime.generic.FileLib.getpropertyData(FileLib.java:12)
at com.actitime.generic.FileLib.getpropertyData(FileLib.java:12)
at com.actitime.generic.FileLib.getpropertyData(FileLib.java:12)
at com.actitime.generic.FileLib.getpropertyData(FileLib.java:12)
at com.actitime.generic.FileLib.getpropertyData(FileLib.java:12)
at com.actitime.generic.FileLib.getpropertyData(FileLib.java:12)
at com.actitime.generic.FileLib.getpropertyData(FileLib.java:12)
at com.actitime.generic.FileLib.getpropertyData(FileLib.java:12)
at com.actitime.generic.FileLib.getpropertyData(FileLib.java:12)
at com.actitime.generic.FileLib.getpropertyData(FileLib.java:12)
at com.actitime.generic.FileLib.getpropertyData(FileLib.java:12)
at com.actitime.generic.FileLib.getpropertyData(FileLib.java:12)
at com.actitime.generic.FileLib.getpropertyData(FileLib.java:12)
at com.actitime.generic.FileLib.getpropertyData(FileLib.java:12)
at com.actitime.generic.FileLib.getpropertyData(FileLib.java:12)
at com.actitime.generic.FileLib.getpropertyData(FileLib.java:12)
at com.actitime.generic.FileLib.getpropertyData(FileLib.java:12)
at com.actitime.generic.FileLib.getpropertyData(FileLib.java:12)
at com.actitime.generic.FileLib.getpropertyData(FileLib.java:12)
at com.actitime.generic.FileLib.getpropertyData(FileLib.java:12)
at com.actitime.generic.FileLib.getpropertyData(FileLib.java:12)
at com.actitime.generic.FileLib.getpropertyData(FileLib.java:12)
at com.actitime.generic.FileLib.getpropertyData(FileLib.java:12)
at com.actitime.generic.FileLib.getpropertyData(FileLib.java:12)
at com.actitime.generic.FileLib.getpropertyData(FileLib.java:12)
at com.actitime.generic.FileLib.getpropertyData(FileLib.java:12)
at com.actitime.generic.FileLib.getpropertyData(FileLib.java:12)
at com.actitime.generic.FileLib.getpropertyData(FileLib.java:12)
at com.actitime.generic.FileLib.getpropertyData(FileLib.java:12)
at com.actitime.generic.FileLib.getpropertyData(FileLib.java:12)
at com.actitime.generic.FileLib.getpropertyData(FileLib.java:12)
at com.actitime.generic.FileLib.getpropertyData(FileLib.java:12)
at com.actitime.generic.FileLib.getpropertyData(FileLib.java:12)
at com.actitime.generic.FileLib.getpropertyData(FileLib.java:12)
at com.actitime.generic.FileLib.getpropertyData(FileLib.java:12)
at com.actitime.generic.FileLib.getpropertyData(FileLib.java:12)
at com.actitime.generic.FileLib.getpropertyData(FileLib.java:12)
at com.actitime.generic.FileLib.getpropertyData(FileLib.java:12)
at com.actitime.generic.FileLib.getpropertyData(FileLib.java:12)
at com.actitime.generic.FileLib.getpropertyData(FileLib.java:12)
at com.actitime.generic.FileLib.getpropertyData(FileLib.java:12)
at com.actitime.generic.FileLib.getpropertyData(FileLib.java:12)
at com.actitime.generic.FileLib.getpropertyData(FileLib.java:12)
at com.actitime.generic.FileLib.getpropertyData(FileLib.java:12)
at com.actitime.generic.FileLib.getpropertyData(FileLib.java:12)
at com.actitime.generic.FileLib.getpropertyData(FileLib.java:12)
at com.actitime.generic.FileLib.getpropertyData(FileLib.java:12)
at com.actitime.generic.FileLib.getpropertyData(FileLib.java:12)
at com.actitime.generic.FileLib.getpropertyData(FileLib.java:12)
at com.actitime.generic.FileLib.getpropertyData(FileLib.java:12)
at com.actitime.generic.FileLib.getpropertyData(FileLib.java:12)
at com.actitime.generic.FileLib.getpropertyData(FileLib.java:12)
at com.actitime.generic.FileLib.getpropertyData(FileLib.java:12)
at com.actitime.generic.FileLib.getpropertyData(FileLib.java:12)
at com.actitime.generic.FileLib.getpropertyData(FileLib.java:12)
at com.actitime.generic.FileLib.getpropertyData(FileLib.java:12)
at com.actitime.generic.FileLib.getpropertyData(FileLib.java:12)
at com.actitime.generic.FileLib.getpropertyData(FileLib.java:12)
at com.actitime.generic.FileLib.getpropertyData(FileLib.java:12)
at com.actitime.generic.FileLib.getpropertyData(FileLib.java:12)
at com.actitime.generic.FileLib.getpropertyData(FileLib.java:12)
at com.actitime.generic.FileLib.getpropertyData(FileLib.java:12)
at com.actitime.generic.FileLib.getpropertyData(FileLib.java:12)
at com.actitime.generic.FileLib.getpropertyData(FileLib.java:12)
at com.actitime.generic.FileLib.getpropertyData(FileLib.java:12)
at com.actitime.generic.FileLib.getpropertyData(FileLib.java:12)
at com.actitime.generic.FileLib.getpropertyData(FileLib.java:12)
at com.actitime.generic.FileLib.getpropertyData(FileLib.java:12)
at com.actitime.generic.FileLib.getpropertyData(FileLib.java:12)
at com.actitime.generic.FileLib.getpropertyData(FileLib.java:12)
at com.actitime.generic.FileLib.getpropertyData(FileLib.java:12)
at com.actitime.generic.FileLib.getpropertyData(FileLib.java:12)
at com.actitime.generic.FileLib.getpropertyData(FileLib.java:12)
at com.actitime.generic.FileLib.getpropertyData(FileLib.java:12)
at com.actitime.generic.FileLib.getpropertyData(FileLib.java:12)
at com.actitime.generic.FileLib.getpropertyData(FileLib.java:12)
at com.actitime.generic.FileLib.getpropertyData(FileLib.java:12)
at com.actitime.generic.FileLib.getpropertyData(FileLib.java:12)
at com.actitime.generic.FileLib.getpropertyData(FileLib.java:12)
at com.actitime.generic.FileLib.getpropertyData(FileLib.java:12)
at com.actitime.generic.FileLib.getpropertyData(FileLib.java:12)
at com.actitime.generic.FileLib.getpropertyData(FileLib.java:12)
at com.actitime.generic.FileLib.getpropertyData(FileLib.java:12)
at com.actitime.generic.FileLib.getpropertyData(FileLib.java:12)
at com.actitime.generic.FileLib.getpropertyData(FileLib.java:12)
at com.actitime.generic.FileLib.getpropertyData(FileLib.java:12)
at com.actitime.generic.FileLib.getpropertyData(FileLib.java:12)
at com.actitime.generic.FileLib.getpropertyData(FileLib.java:12)
at com.actitime.generic.FileLib.getpropertyData(FileLib.java:12)
at com.actitime.generic.FileLib.getpropertyData(FileLib.java:12)
at com.actitime.generic.FileLib.getpropertyData(FileLib.java:12)
at com.actitime.generic.FileLib.getpropertyData(FileLib.java:12)
at com.actitime.generic.FileLib.getpropertyData(FileLib.java:12)
at com.actitime.generic.FileLib.getpropertyData(FileLib.java:12)
at com.actitime.generic.FileLib.getpropertyData(FileLib.java:12)
at com.actitime.generic.FileLib.getpropertyData(FileLib.java:12)
at com.actitime.generic.FileLib.getpropertyData(FileLib.java:12)
at com.actitime.generic.FileLib.getpropertyData(FileLib.java:12)
at com.actitime.generic.FileLib.getpropertyData(FileLib.java:12)
at com.actitime.generic.FileLib.getpropertyData(FileLib.java:12)
at com.actitime.generic.FileLib.getpropertyData(FileLib.java:12)
at com.actitime.generic.FileLib.getpropertyData(FileLib.java:12)
at com.actitime.generic.FileLib.getpropertyData(FileLib.java:12)
at com.actitime.generic.FileLib.getpropertyData(FileLib.java:12)
at com.actitime.generic.FileLib.getpropertyData(FileLib.java:12)
at com.actitime.generic.FileLib.getpropertyData(FileLib.java:12)
at com.actitime.generic.FileLib.getpropertyData(FileLib.java:12)
at com.actitime.generic.FileLib.getpropertyData(FileLib.java:12)
at com.actitime.generic.FileLib.getpropertyData(FileLib.java:12)
at com.actitime.generic.FileLib.getpropertyData(FileLib.java:12)
at com.actitime.generic.FileLib.getpropertyData(FileLib.java:12)
at com.actitime.generic.FileLib.getpropertyData(FileLib.java:12)
at com.actitime.generic.FileLib.getpropertyData(FileLib.java:12)
at com.actitime.generic.FileLib.getpropertyData(FileLib.java:12)
at com.actitime.generic.FileLib.getpropertyData(FileLib.java:12)
at com.actitime.generic.FileLib.getpropertyData(FileLib.java:12)
at com.actitime.generic.FileLib.getpropertyData(FileLib.java:12)
at com.actitime.generic.FileLib.getpropertyData(FileLib.java:12)
at com.actitime.generic.FileLib.getpropertyData(FileLib.java:12)
at com.actitime.generic.FileLib.getpropertyData(FileLib.java:12)
at com.actitime.generic.FileLib.getpropertyData(FileLib.java:12)
at com.actitime.generic.FileLib.getpropertyData(FileLib.java:12)
at com.actitime.generic.FileLib.getpropertyData(FileLib.java:12)
at com.actitime.generic.FileLib.getpropertyData(FileLib.java:12)
at com.actitime.generic.FileLib.getpropertyData(FileLib.java:12)
at com.actitime.generic.FileLib.getpropertyData(FileLib.java:12)
at com.actitime.generic.FileLib.getpropertyData(FileLib.java:12)
at com.actitime.generic.FileLib.getpropertyData(FileLib.java:12)
at com.actitime.generic.FileLib.getpropertyData(FileLib.java:12)
at com.actitime.generic.FileLib.getpropertyData(FileLib.java:12)
at com.actitime.generic.FileLib.getpropertyData(FileLib.java:12)
at com.actitime.generic.FileLib.getpropertyData(FileLib.java:12)
at com.actitime.generic.FileLib.getpropertyData(FileLib.java:12)
at com.actitime.generic.FileLib.getpropertyData(FileLib.java:12)
at com.actitime.generic.FileLib.getpropertyData(FileLib.java:12)
at com.actitime.generic.FileLib.getpropertyData(FileLib.java:12)
at com.actitime.generic.FileLib.getpropertyData(FileLib.java:12)
at com.actitime.generic.FileLib.getpropertyData(FileLib.java:12)
at com.actitime.generic.FileLib.getpropertyData(FileLib.java:12)
at com.actitime.generic.FileLib.getpropertyData(FileLib.java:12)
at com.actitime.generic.FileLib.getpropertyData(FileLib.java:12)
at com.actitime.generic.FileLib.getpropertyData(FileLib.java:12)
at com.actitime.generic.FileLib.getpropertyData(FileLib.java:12)
at com.actitime.generic.FileLib.getpropertyData(FileLib.java:12)
at com.actitime.generic.FileLib.getpropertyData(FileLib.java:12)
at com.actitime.generic.FileLib.getpropertyData(FileLib.java:12)
at com.actitime.generic.FileLib.getpropertyData(FileLib.java:12)
at com.actitime.generic.FileLib.getpropertyData(FileLib.java:12)
at com.actitime.generic.FileLib.getpropertyData(FileLib.java:12)
at com.actitime.generic.FileLib.getpropertyData(FileLib.java:12)
at com.actitime.generic.FileLib.getpropertyData(FileLib.java:12)
at com.actitime.generic.FileLib.getpropertyData(FileLib.java:12)
at com.actitime.generic.FileLib.getpropertyData(FileLib.java:12)
at com.actitime.generic.FileLib.getpropertyData(FileLib.java:12)
at com.actitime.generic.FileLib.getpropertyData(FileLib.java:12)
at com.actitime.generic.FileLib.getpropertyData(FileLib.java:12)
at com.actitime.generic.FileLib.getpropertyData(FileLib.java:12)
at com.actitime.generic.FileLib.getpropertyData(FileLib.java:12)
at com.actitime.generic.FileLib.getpropertyData(FileLib.java:12)
at com.actitime.generic.FileLib.getpropertyData(FileLib.java:12)
at com.actitime.generic.FileLib.getpropertyData(FileLib.java:12)
at com.actitime.generic.FileLib.getpropertyData(FileLib.java:12)
at com.actitime.generic.FileLib.getpropertyData(FileLib.java:12)
at com.actitime.generic.FileLib.getpropertyData(FileLib.java:12)
at com.actitime.generic.FileLib.getpropertyData(FileLib.java:12)
at com.actitime.generic.FileLib.getpropertyData(FileLib.java:12)
at com.actitime.generic.FileLib.getpropertyData(FileLib.java:12)
at com.actitime.generic.FileLib.getpropertyData(FileLib.java:12)
at com.actitime.generic.FileLib.getpropertyData(FileLib.java:12)
at com.actitime.generic.FileLib.getpropertyData(FileLib.java:12)
at com.actitime.generic.FileLib.getpropertyData(FileLib.java:12)
at com.actitime.generic.FileLib.getpropertyData(FileLib.java:12)
at com.actitime.generic.FileLib.getpropertyData(FileLib.java:12)
at com.actitime.generic.FileLib.getpropertyData(FileLib.java:12)
at com.actitime.generic.FileLib.getpropertyData(FileLib.java:12)
at com.actitime.generic.FileLib.getpropertyData(FileLib.java:12)
at com.actitime.generic.FileLib.getpropertyData(FileLib.java:12)
at com.actitime.generic.FileLib.getpropertyData(FileLib.java:12)
at com.actitime.generic.FileLib.getpropertyData(FileLib.java:12)
at com.actitime.generic.FileLib.getpropertyData(FileLib.java:12)
at com.actitime.generic.FileLib.getpropertyData(FileLib.java:12)
at com.actitime.generic.FileLib.getpropertyData(FileLib.java:12)
at com.actitime.generic.FileLib.getpropertyData(FileLib.java:12)
at com.actitime.generic.FileLib.getpropertyData(FileLib.java:12)
at com.actitime.generic.FileLib.getpropertyData(FileLib.java:12)
at com.actitime.generic.FileLib.getpropertyData(FileLib.java:12)
at com.actitime.generic.FileLib.getpropertyData(FileLib.java:12)
at com.actitime.generic.FileLib.getpropertyData(FileLib.java:12)
at com.actitime.generic.FileLib.getpropertyData(FileLib.java:12)
at com.actitime.generic.FileLib.getpropertyData(FileLib.java:12)
at com.actitime.generic.FileLib.getpropertyData(FileLib.java:12)
at com.actitime.generic.FileLib.getpropertyData(FileLib.java:12)
at com.actitime.generic.FileLib.getpropertyData(FileLib.java:12)
at com.actitime.generic.FileLib.getpropertyData(FileLib.java:12)
at com.actitime.generic.FileLib.getpropertyData(FileLib.java:12)
at com.actitime.generic.FileLib.getpropertyData(FileLib.java:12)
at com.actitime.generic.FileLib.getpropertyData(FileLib.java:12)
at com.actitime.generic.FileLib.getpropertyData(FileLib.java:12)
at com.actitime.generic.FileLib.getpropertyData(FileLib.java:12)
at com.actitime.generic.FileLib.getpropertyData(FileLib.java:12)
at com.actitime.generic.FileLib.getpropertyData(FileLib.java:12)
at com.actitime.generic.FileLib.getpropertyData(FileLib.java:12)
at com.actitime.generic.FileLib.getpropertyData(FileLib.java:12)
at com.actitime.generic.FileLib.getpropertyData(FileLib.java:12)
at com.actitime.generic.FileLib.getpropertyData(FileLib.java:12)
at com.actitime.generic.FileLib.getpropertyData(FileLib.java:12)
at com.actitime.generic.FileLib.getpropertyData(FileLib.java:12)
at com.actitime.generic.FileLib.getpropertyData(FileLib.java:12)
at com.actitime.generic.FileLib.getpropertyData(FileLib.java:12)
at com.actitime.generic.FileLib.getpropertyData(FileLib.java:12)
at com.actitime.generic.FileLib.getpropertyData(FileLib.java:12)
at com.actitime.generic.FileLib.getpropertyData(FileLib.java:12)
at com.actitime.generic.FileLib.getpropertyData(FileLib.java:12)
at com.actitime.generic.FileLib.getpropertyData(FileLib.java:12)
at com.actitime.generic.FileLib.getpropertyData(FileLib.java:12)
at com.actitime.generic.FileLib.getpropertyData(FileLib.java:12)
at com.actitime.generic.FileLib.getpropertyData(FileLib.java:12)
at com.actitime.generic.FileLib.getpropertyData(FileLib.java:12)
at com.actitime.generic.FileLib.getpropertyData(FileLib.java:12)
at com.actitime.generic.FileLib.getpropertyData(FileLib.java:12)
at com.actitime.generic.FileLib.getpropertyData(FileLib.java:12)
at com.actitime.generic.FileLib.getpropertyData(FileLib.java:12)
at com.actitime.generic.FileLib.getpropertyData(FileLib.java:12)
at com.actitime.generic.FileLib.getpropertyData(FileLib.java:12)
at com.actitime.generic.FileLib.getpropertyData(FileLib.java:12)
at com.actitime.generic.FileLib.getpropertyData(FileLib.java:12)
at com.actitime.generic.FileLib.getpropertyData(FileLib.java:12)
at com.actitime.generic.FileLib.getpropertyData(FileLib.java:12)
at com.actitime.generic.FileLib.getpropertyData(FileLib.java:12)
at com.actitime.generic.FileLib.getpropertyData(FileLib.java:12)
at com.actitime.generic.FileLib.getpropertyData(FileLib.java:12)
at com.actitime.generic.FileLib.getpropertyData(FileLib.java:12)
at com.actitime.generic.FileLib.getpropertyData(FileLib.java:12)
at com.actitime.generic.FileLib.getpropertyData(FileLib.java:12)
at com.actitime.generic.FileLib.getpropertyData(FileLib.java:12)
at com.actitime.generic.FileLib.getpropertyData(FileLib.java:12)
at com.actitime.generic.FileLib.getpropertyData(FileLib.java:12)
at com.actitime.generic.FileLib.getpropertyData(FileLib.java:12)
at com.actitime.generic.FileLib.getpropertyData(FileLib.java:12)
at com.actitime.generic.FileLib.getpropertyData(FileLib.java:12)
at com.actitime.generic.FileLib.getpropertyData(FileLib.java:12)
at com.actitime.generic.FileLib.getpropertyData(FileLib.java:12)
at com.actitime.generic.FileLib.getpropertyData(FileLib.java:12)
at com.actitime.generic.FileLib.getpropertyData(FileLib.java:12)
at com.actitime.generic.FileLib.getpropertyData(FileLib.java:12)
at com.actitime.generic.FileLib.getpropertyData(FileLib.java:12)
at com.actitime.generic.FileLib.getpropertyData(FileLib.java:12)
at com.actitime.generic.FileLib.getpropertyData(FileLib.java:12)
at com.actitime.generic.FileLib.getpropertyData(FileLib.java:12)
at com.actitime.generic.FileLib.getpropertyData(FileLib.java:12)
at com.actitime.generic.FileLib.getpropertyData(FileLib.java:12)
at com.actitime.generic.FileLib.getpropertyData(FileLib.java:12)
at com.actitime.generic.FileLib.getpropertyData(FileLib.java:12)
at com.actitime.generic.FileLib.getpropertyData(FileLib.java:12)
at com.actitime.generic.FileLib.getpropertyData(FileLib.java:12)
at com.actitime.generic.FileLib.getpropertyData(FileLib.java:12)
at com.actitime.generic.FileLib.getpropertyData(FileLib.java:12)
at com.actitime.generic.FileLib.getpropertyData(FileLib.java:12)
at com.actitime.generic.FileLib.getpropertyData(FileLib.java:12)
at com.actitime.generic.FileLib.getpropertyData(FileLib.java:12)
at com.actitime.generic.FileLib.getpropertyData(FileLib.java:12)
at com.actitime.generic.FileLib.getpropertyData(FileLib.java:12)
at com.actitime.generic.FileLib.getpropertyData(FileLib.java:12)
at com.actitime.generic.FileLib.getpropertyData(FileLib.java:12)
at com.actitime.generic.FileLib.getpropertyData(FileLib.java:12)
at com.actitime.generic.FileLib.getpropertyData(FileLib.java:12)
at com.actitime.generic.FileLib.getpropertyData(FileLib.java:12)
at com.actitime.generic.FileLib.getpropertyData(FileLib.java:12)
at com.actitime.generic.FileLib.getpropertyData(FileLib.java:12)
at com.actitime.generic.FileLib.getpropertyData(FileLib.java:12)
at com.actitime.generic.FileLib.getpropertyData(FileLib.java:12)
at com.actitime.generic.FileLib.getpropertyData(FileLib.java:12)
at com.actitime.generic.FileLib.getpropertyData(FileLib.java:12)
at com.actitime.generic.FileLib.getpropertyData(FileLib.java:12)
at com.actitime.generic.FileLib.getpropertyData(FileLib.java:12)
at com.actitime.generic.FileLib.getpropertyData(FileLib.java:12)
at com.actitime.generic.FileLib.getpropertyData(FileLib.java:12)
at com.actitime.generic.FileLib.getpropertyData(FileLib.java:12)
at com.actitime.generic.FileLib.getpropertyData(FileLib.java:12)
at com.actitime.generic.FileLib.getpropertyData(FileLib.java:12)
at com.actitime.generic.FileLib.getpropertyData(FileLib.java:12)
at com.actitime.generic.FileLib.getpropertyData(FileLib.java:12)
at com.actitime.generic.FileLib.getpropertyData(FileLib.java:12)
at com.actitime.generic.FileLib.getpropertyData(FileLib.java:12)
at com.actitime.generic.FileLib.getpropertyData(FileLib.java:12)
at com.actitime.generic.FileLib.getpropertyData(FileLib.java:12)
at com.actitime.generic.FileLib.getpropertyData(FileLib.java:12)
at com.actitime.generic.FileLib.getpropertyData(FileLib.java:12)
at com.actitime.generic.FileLib.getpropertyData(FileLib.java:12)
at com.actitime.generic.FileLib.getpropertyData(FileLib.java:12)
at com.actitime.generic.FileLib.getpropertyData(FileLib.java:12)
at com.actitime.generic.FileLib.getpropertyData(FileLib.java:12)
at com.actitime.generic.FileLib.getpropertyData(FileLib.java:12)
at com.actitime.generic.FileLib.getpropertyData(FileLib.java:12)
at com.actitime.generic.FileLib.getpropertyData(FileLib.java:12)
at com.actitime.generic.FileLib.getpropertyData(FileLib.java:12)
at com.actitime.generic.FileLib.getpropertyData(FileLib.java:12)
at com.actitime.generic.FileLib.getpropertyData(FileLib.java:12)
at com.actitime.generic.FileLib.getpropertyData(FileLib.java:12)
at com.actitime.generic.FileLib.getpropertyData(FileLib.java:12)
at com.actitime.generic.FileLib.getpropertyData(FileLib.java:12)
at com.actitime.generic.FileLib.getpropertyData(FileLib.java:12)
at com.actitime.generic.FileLib.getpropertyData(FileLib.java:12)
at com.actitime.generic.FileLib.getpropertyData(FileLib.java:12)
at com.actitime.generic.FileLib.getpropertyData(FileLib.java:12)
at com.actitime.generic.FileLib.getpropertyData(FileLib.java:12)
at com.actitime.generic.FileLib.getpropertyData(FileLib.java:12)
at com.actitime.generic.FileLib.getpropertyData(FileLib.java:12)
at com.actitime.generic.FileLib.getpropertyData(FileLib.java:12)
at com.actitime.generic.FileLib.getpropertyData(FileLib.java:12)
at com.actitime.generic.FileLib.getpropertyData(FileLib.java:12)
at com.actitime.generic.FileLib.getpropertyData(FileLib.java:12)
at com.actitime.generic.FileLib.getpropertyData(FileLib.java:12)
at com.actitime.generic.FileLib.getpropertyData(FileLib.java:12)
at com.actitime.generic.FileLib.getpropertyData(FileLib.java:12)
at com.actitime.generic.FileLib.getpropertyData(FileLib.java:12)
at com.actitime.generic.FileLib.getpropertyData(FileLib.java:12)
at com.actitime.generic.FileLib.getpropertyData(FileLib.java:12)
at com.actitime.generic.FileLib.getpropertyData(FileLib.java:12)
at com.actitime.generic.FileLib.getpropertyData(FileLib.java:12)
at com.actitime.generic.FileLib.getpropertyData(FileLib.java:12)
at com.actitime.generic.FileLib.getpropertyData(FileLib.java:12)
at com.actitime.generic.FileLib.getpropertyData(FileLib.java:12)
at com.actitime.generic.FileLib.getpropertyData(FileLib.java:12)
at com.actitime.generic.FileLib.getpropertyData(FileLib.java:12)
at com.actitime.generic.FileLib.getpropertyData(FileLib.java:12)
at com.actitime.generic.FileLib.getpropertyData(FileLib.java:12)
at com.actitime.generic.FileLib.getpropertyData(FileLib.java:12)
at com.actitime.generic.FileLib.getpropertyData(FileLib.java:12)
at com.actitime.generic.FileLib.getpropertyData(FileLib.java:12)
at com.actitime.generic.FileLib.getpropertyData(FileLib.java:12)
at com.actitime.generic.FileLib.getpropertyData(FileLib.java:12)
at com.actitime.generic.FileLib.getpropertyData(FileLib.java:12)
at com.actitime.generic.FileLib.getpropertyData(FileLib.java:12)
at com.actitime.generic.FileLib.getpropertyData(FileLib.java:12)
at com.actitime.generic.FileLib.getpropertyData(FileLib.java:12)
at com.actitime.generic.FileLib.getpropertyData(FileLib.java:12)
at com.actitime.generic.FileLib.getpropertyData(FileLib.java:12)
at com.actitime.generic.FileLib.getpropertyData(FileLib.java:12)
at com.actitime.generic.FileLib.getpropertyData(FileLib.java:12)
at com.actitime.generic.FileLib.getpropertyData(FileLib.java:12)
at com.actitime.generic.FileLib.getpropertyData(FileLib.java:12)
at com.actitime.generic.FileLib.getpropertyData(FileLib.java:12)
at com.actitime.generic.FileLib.getpropertyData(FileLib.java:12)
at com.actitime.generic.FileLib.getpropertyData(FileLib.java:12)
at com.actitime.generic.FileLib.getpropertyData(FileLib.java:12)
at com.actitime.generic.FileLib.getpropertyData(FileLib.java:12)
at com.actitime.generic.FileLib.getpropertyData(FileLib.java:12)
at com.actitime.generic.FileLib.getpropertyData(FileLib.java:12)
at com.actitime.generic.FileLib.getpropertyData(FileLib.java:12)
at com.actitime.generic.FileLib.getpropertyData(FileLib.java:12)
at com.actitime.generic.FileLib.getpropertyData(FileLib.java:12)
at com.actitime.generic.FileLib.getpropertyData(FileLib.java:12)
at com.actitime.generic.FileLib.getpropertyData(FileLib.java:12)
at com.actitime.generic.FileLib.getpropertyData(FileLib.java:12)
at com.actitime.generic.FileLib.getpropertyData(FileLib.java:12)
at com.actitime.generic.FileLib.getpropertyData(FileLib.java:12)
at com.actitime.generic.FileLib.getpropertyData(FileLib.java:12)
at com.actitime.generic.FileLib.getpropertyData(FileLib.java:12)
at com.actitime.generic.FileLib.getpropertyData(FileLib.java:12)
at com.actitime.generic.FileLib.getpropertyData(FileLib.java:12)
at com.actitime.generic.FileLib.getpropertyData(FileLib.java:12)
at com.actitime.generic.FileLib.getpropertyData(FileLib.java:12)
at com.actitime.generic.FileLib.getpropertyData(FileLib.java:12)
at com.actitime.generic.FileLib.getpropertyData(FileLib.java:12)
at com.actitime.generic.FileLib.getpropertyData(FileLib.java:12)
at com.actitime.generic.FileLib.getpropertyData(FileLib.java:12)
at com.actitime.generic.FileLib.getpropertyData(FileLib.java:12)
at com.actitime.generic.FileLib.getpropertyData(FileLib.java:12)
at com.actitime.generic.FileLib.getpropertyData(FileLib.java:12)
at com.actitime.generic.FileLib.getpropertyData(FileLib.java:12)
at com.actitime.generic.FileLib.getpropertyData(FileLib.java:12)
at com.actitime.generic.FileLib.getpropertyData(FileLib.java:12)
at com.actitime.generic.FileLib.getpropertyData(FileLib.java:12)
at com.actitime.generic.FileLib.getpropertyData(FileLib.java:12)
at com.actitime.generic.FileLib.getpropertyData(FileLib.java:12)
at com.actitime.generic.FileLib.getpropertyData(FileLib.java:12)
at com.actitime.generic.FileLib.getpropertyData(FileLib.java:12)
at com.actitime.generic.FileLib.getpropertyData(FileLib.java:12)
at com.actitime.generic.FileLib.getpropertyData(FileLib.java:12)
at com.actitime.generic.FileLib.getpropertyData(FileLib.java:12)
at com.actitime.generic.FileLib.getpropertyData(FileLib.java:12)
at com.actitime.generic.FileLib.getpropertyData(FileLib.java:12)
at com.actitime.generic.FileLib.getpropertyData(FileLib.java:12)
at com.actitime.generic.FileLib.getpropertyData(FileLib.java:12)
at com.actitime.generic.FileLib.getpropertyData(FileLib.java:12)
at com.actitime.generic.FileLib.getpropertyData(FileLib.java:12)
at com.actitime.generic.FileLib.getpropertyData(FileLib.java:12)
at com.actitime.generic.FileLib.getpropertyData(FileLib.java:12)
at com.actitime.generic.FileLib.getpropertyData(FileLib.java:12)
at com.actitime.generic.FileLib.getpropertyData(FileLib.java:12)
at com.actitime.generic.FileLib.getpropertyData(FileLib.java:12)
at com.actitime.generic.FileLib.getpropertyData(FileLib.java:12)
at com.actitime.generic.FileLib.getpropertyData(FileLib.java:12)
at com.actitime.generic.FileLib.getpropertyData(FileLib.java:12)
at com.actitime.generic.FileLib.getpropertyData(FileLib.java:12)
at com.actitime.generic.FileLib.getpropertyData(FileLib.java:12)
at com.actitime.generic.FileLib.getpropertyData(FileLib.java:12)
at com.actitime.generic.FileLib.getpropertyData(FileLib.java:12)
at com.actitime.generic.FileLib.getpropertyData(FileLib.java:12)
at com.actitime.generic.FileLib.getpropertyData(FileLib.java:12)
at com.actitime.generic.FileLib.getpropertyData(FileLib.java:12)
at com.actitime.generic.FileLib.getpropertyData(FileLib.java:12)
at com.actitime.generic.FileLib.getpropertyData(FileLib.java:12)
at com.actitime.generic.FileLib.getpropertyData(FileLib.java:12)
at com.actitime.generic.FileLib.getpropertyData(FileLib.java:12)
at com.actitime.generic.FileLib.getpropertyData(FileLib.java:12)
at com.actitime.generic.FileLib.getpropertyData(FileLib.java:12)
at com.actitime.generic.FileLib.getpropertyData(FileLib.java:12)
at com.actitime.generic.FileLib.getpropertyData(FileLib.java:12)
at com.actitime.generic.FileLib.getpropertyData(FileLib.java:12)
at com.actitime.generic.FileLib.getpropertyData(FileLib.java:12)
at com.actitime.generic.FileLib.getpropertyData(FileLib.java:12)
at com.actitime.generic.FileLib.getpropertyData(FileLib.java:12)
at com.actitime.generic.FileLib.getpropertyData(FileLib.java:12)
at com.actitime.generic.FileLib.getpropertyData(FileLib.java:12)
at com.actitime.generic.FileLib.getpropertyData(FileLib.java:12)
at com.actitime.generic.FileLib.getpropertyData(FileLib.java:12)
at com.actitime.generic.FileLib.getpropertyData(FileLib.java:12)
at com.actitime.generic.FileLib.getpropertyData(FileLib.java:12)
at com.actitime.generic.FileLib.getpropertyData(FileLib.java:12)
at com.actitime.generic.FileLib.getpropertyData(FileLib.java:12)
at com.actitime.generic.FileLib.getpropertyData(FileLib.java:12)
at com.actitime.generic.FileLib.getpropertyData(FileLib.java:12)
at com.actitime.generic.FileLib.getpropertyData(FileLib.java:12)
at com.actitime.generic.FileLib.getpropertyData(FileLib.java:12)
at com.actitime.generic.FileLib.getpropertyData(FileLib.java:12)
at com.actitime.generic.FileLib.getpropertyData(FileLib.java:12)
at com.actitime.generic.FileLib.getpropertyData(FileLib.java:12)
at com.actitime.generic.FileLib.getpropertyData(FileLib.java:12)
at com.actitime.generic.FileLib.getpropertyData(FileLib.java:12)
at com.actitime.generic.FileLib.getpropertyData(FileLib.java:12)
at com.actitime.generic.FileLib.getpropertyData(FileLib.java:12)
at com.actitime.generic.FileLib.getpropertyData(FileLib.java:12)
at com.actitime.generic.FileLib.getpropertyData(FileLib.java:12)
at com.actitime.generic.FileLib.getpropertyData(FileLib.java:12)
at com.actitime.generic.FileLib.getpropertyData(FileLib.java:12)
at com.actitime.generic.FileLib.getpropertyData(FileLib.java:12)
at com.actitime.generic.FileLib.getpropertyData(FileLib.java:12)
at com.actitime.generic.FileLib.getpropertyData(FileLib.java:12)
at com.actitime.generic.FileLib.getpropertyData(FileLib.java:12)
at com.actitime.generic.FileLib.getpropertyData(FileLib.java:12)
at com.actitime.generic.FileLib.getpropertyData(FileLib.java:12)
at com.actitime.generic.FileLib.getpropertyData(FileLib.java:12)
at com.actitime.generic.FileLib.getpropertyData(FileLib.java:12)
at com.actitime.generic.FileLib.getpropertyData(FileLib.java:12)
at com.actitime.generic.FileLib.getpropertyData(FileLib.java:12)
at com.actitime.generic.FileLib.getpropertyData(FileLib.java:12)
at com.actitime.generic.FileLib.getpropertyData(FileLib.java:12)
at com.actitime.generic.FileLib.getpropertyData(FileLib.java:12)
at com.actitime.generic.FileLib.getpropertyData(FileLib.java:12)
at com.actitime.generic.FileLib.getpropertyData(FileLib.java:12)
at com.actitime.generic.FileLib.getpropertyData(FileLib.java:12)
at com.actitime.generic.FileLib.getpropertyData(FileLib.java:12)
at com.actitime.generic.FileLib.getpropertyData(FileLib.java:12)
at com.actitime.generic.FileLib.getpropertyData(FileLib.java:12)
at com.actitime.generic.FileLib.getpropertyData(FileLib.java:12)
at com.actitime.generic.FileLib.getpropertyData(FileLib.java:12)
at com.actitime.generic.FileLib.getpropertyData(FileLib.java:12)
at com.actitime.generic.FileLib.getpropertyData(FileLib.java:12)
at com.actitime.generic.FileLib.getpropertyData(FileLib.java:12)
at com.actitime.generic.FileLib.getpropertyData(FileLib.java:12)
at com.actitime.generic.FileLib.getpropertyData(FileLib.java:12)
at com.actitime.generic.FileLib.getpropertyData(FileLib.java:12)
at com.actitime.generic.FileLib.getpropertyData(FileLib.java:12)
]]>
    </error>
  </testcase> <!-- Login -->
  <system-out>
    <![CDATA[Login]]>
  </system-out>
</testsuite> <!-- com.actitime.testscript.TaskModule -->
